<?xml version="1.0" encoding="UTF-8"?>
<!-- Generated by org.testng.reporters.JUnitReportReporter -->
<testsuite hostname="DESKTOP-M5HSU70" failures="0" tests="1" name="selenium_first_project.RestAssuredProject.Get_Request" time="1.126" errors="0" timestamp="12 Jul 2023 21:06:23 GMT" skipped="0">
  <testcase classname="selenium_first_project.RestAssuredProject.Get_Request" name="testcase" time="1.126"/>
</testsuite> <!-- selenium_first_project.RestAssuredProject.Get_Request -->
